Stage 2 Kinesis Stream Consumer Test Results
=========================================
Date: 2024-07-18

Test Sequence Summary:
-------------------
1. Configuration Validation
   ❌ Failed validation
   Error: Invalid resource type "awscc_kinesis_stream_consumer"
   - Resource type not supported by AWS Cloud Control provider

2. Generated Configuration Analysis:
   a. Resource Structure:
      - Random ID generation ✅
      - Kinesis Stream configuration ✅
      - Stream Consumer configuration ❌ (unsupported resource type)
      - Encryption configuration ✅
      - Tags implementation ✅

   b. Variable Management:
      - Region configuration ✅
      - Stream name prefix ✅
      - Consumer name prefix ✅
      - Retention period settings ✅
      - Shard count configuration ✅

   c. Naming and Tagging:
      - Consistent naming pattern ✅
      - Environment tags ✅
      - Stage tags ✅
      - Random suffix for uniqueness ✅

3. Stage 2 Requirements Coverage:
   - Provider constraints ✅
   - Variable usage ✅
   - Resource dependencies ✅
   - Naming conventions ✅
   - Supporting resources ✅
   - Schema validation ❌ (resource not supported)

Issues Identified:
----------------
1. Resource Type Error:
   - awscc_kinesis_stream_consumer not available in provider
   - Indicates gap in Cloud Control API support
   - Affects core functionality of configuration

2. Dependencies:
   - Base Kinesis stream configuration appears valid
   - Consumer functionality cannot be validated
   - May require alternative approach

3. Documentation:
   - Missing prerequisites section
   - No alternative resource suggestions
   - Lacks service setup requirements

Improvements from Stage 1:
-----------------------
1. Infrastructure Completeness:
   - Added stream encryption
   - Included retention configuration
   - Better resource naming
   - Proper variable structure

2. Variable Management:
   - More flexible configuration
   - Environment-aware setup
   - Stage-based deployment
   - Better resource naming

3. Documentation:
   - Clear resource relationships
   - Structured configuration
   - Comprehensive variable definitions

Next Steps:
----------
1. Research alternative approaches:
   - Check AWS provider support
   - Investigate SDK-based solutions
   - Consider different service patterns

2. Documentation needs:
   - Add prerequisites section
   - Document alternative approaches
   - Include service limits and quotas

3. Configuration updates:
   - Consider fallback options
   - Document unsupported features
   - Provide migration guidance
