Stage 2 Lambda Function Test Results
================================
Date: 2024-07-17

Test Sequence Summary:
-------------------
1. Configuration Validation
   ✅ Terraform init successful
   ✅ Provider initialization successful
   ✅ Configuration syntax valid

2. Plan Generation
   ✅ Plan created successfully
   - Resources to create: 3 (Lambda function, IAM role, Random ID)
   - All required fields present
   - Variables properly configured
   - Resource dependencies correct

3. Apply Attempt
   ✅ Successfully created all resources
   - Random ID generation worked
   - IAM role created: lambda-execution-role-8cd59db4
   - Lambda function created: awscc-example-dev-8cd59db4
   - Function ARN: arn:aws:lambda:us-east-1:663792506119:function:awscc-example-dev-8cd59db4

Improvements from Stage 1:
-----------------------
1. Code Management:
   - Inline Lambda function code
   - Automatic ZIP file creation
   - Base64 encoding handling

2. IAM Integration:
   - Automatic IAM role creation
   - Proper permissions setup
   - Role naming with random suffix

3. Enhanced Configuration:
   - Environment variables
   - X-Ray tracing configuration
   - Flexible timeout and memory settings
   - Stage-aware naming

4. Better Variable Management:
   - Stage-specific configuration
   - Environment settings
   - Runtime configuration
   - Resource sizing options

Next Steps:
----------
- Test function invocation
- Verify logging setup
- Check environment variables
- Run terraform destroy
Cleanup Results:
--------------
✅ Terraform destroy successful
Resources cleaned up:
1. Lambda Function
   - Name: awscc-example-dev-8cd59db4
   - ARN: arn:aws:lambda:us-east-1:663792506119:function:awscc-example-dev-8cd59db4

2. IAM Role
   - Name: lambda-execution-role-8cd59db4
   - ARN: arn:aws:iam::663792506119:role/lambda-execution-role-8cd59db4

3. Random ID
   - ID: jNWdtA
   - Hex: 8cd59db4

All resources were successfully removed with no errors.
