ðŸ” Validating Terraform file: resources/stage4/lambda_function.tf
================================================
ðŸ“¦ Initializing Terraform...
Initializing the backend...
Initializing provider plugins...
- Finding hashicorp/aws versions matching "~> 5.0"...
- Finding hashicorp/awscc versions matching "~> 1.49.0"...
âœ… Terraform initialization successful

ðŸ”§ Validating configuration...
Success! The configuration is valid.
âœ… Terraform validation successful

ðŸ“‹ Generating plan...
âœ… Terraform plan successful

ðŸ“„ Plan summary:
Plan: 3 to add, 0 to change, 0 to destroy.
- aws_iam_role.lambda_execution_role
- aws_iam_role_policy_attachment.lambda_execution
- awscc_lambda_function.example

ðŸš€ Apply Attempt:
âœ… Resources created successfully (with IAM role delay)
- IAM role created
- Policy attached
- Lambda function created with code
- Environment variables set
- Tags applied

ðŸ§¹ Cleanup:
âœ… Terraform destroy successful
Resources cleaned up:
- Lambda function destroyed
- IAM role policy detached
- IAM role destroyed

Stage 4 Improvements:
-------------------
1. Automation:
   - Packaged Lambda code
   - IAM role management
   - Environment configuration

2. Integration:
   - IAM role and policy
   - Environment variables
   - Resource tagging

3. Validation:
   - Provider versions pinned
   - Region explicitly set
   - Resource attributes verified

ðŸŽ‰ Validation complete! Stage 4 implementation successful.
