ðŸ” Validating Terraform file: resources/stage3/kinesis_stream_consumer.tf
================================================
ðŸ“¦ Initializing Terraform...
Initializing the backend...
Initializing provider plugins...
- Finding hashicorp/aws versions matching "~> 5.0"...
- Finding hashicorp/awscc versions matching "~> 1.0"...
- Installing hashicorp/awscc v1.49.0...
- Installing hashicorp/aws v5.100.0...
âœ… Terraform initialization successful

ðŸ”§ Validating configuration...
Success! The configuration is valid.
âœ… Terraform validation successful

ðŸ“‹ Generating plan...
âœ… Terraform plan successful

ðŸ“„ Plan summary:
Plan: 2 to add, 0 to change, 0 to destroy.
- aws_kinesis_stream.example
- awscc_kinesis_stream_consumer.example

ðŸš€ Apply Attempt:
âœ… All resources created successfully
- Kinesis stream created (21s)
- Stream consumer created (11s)
- Consumer status: ACTIVE

ðŸ§¹ Cleanup:
âœ… Terraform destroy successful
Resources cleaned up:
- awscc_kinesis_stream_consumer.example
- aws_kinesis_stream.example

ðŸŽ‰ Validation complete! Your Terraform file is ready to use.
