Stage 3 S3 Bucket Test Results
============================
Date: 2024-07-18

Configuration Analysis:
--------------------
1. Generated Example Quality
   ✅ Follows AWSCC documentation patterns
   ✅ Includes provider configuration
   ✅ Uses "example" as resource name
   ✅ Demonstrates multiple features
   ✅ Includes standard tags

2. Feature Coverage
   - Basic Configuration:
     * Bucket naming ✅
     * Versioning ✅
     * Tags ✅
   - Advanced Features:
     * SNS notifications
     * Lifecycle rules
     * Glacier transitions

3. Documentation Standards
   - Clean, focused configuration ✅
   - No unnecessary comments ✅
   - Direct hardcoded values ✅
   - Practical example settings ✅

Test Results:
-----------
1. Terraform Init: ✅ Success
   - Provider initialization successful
   - No dependency issues

2. Terraform Validate: ✅ Success
   - Configuration syntax valid
   - Resource schema valid

3. Terraform Apply: ❌ Failed
   Error: AWS SDK Go Service Operation Unsuccessful
   Root Cause: Access Denied (Service: S3, Status Code: 403)
   Note: Permissions issue, not configuration issue

Generated Example Analysis:
------------------------
1. Strengths:
   - Comprehensive feature demonstration
   - Clear configuration structure
   - Standard naming conventions
   - Proper tag implementation

2. Documentation Value:
   - Shows multiple S3 features
   - Demonstrates best practices
   - Includes practical configurations
   - Follows AWSCC patterns

3. Context Alignment:
   - Matches example patterns
   - Uses consistent naming
   - Includes required elements
   - Follows generation rules

Next Steps:
----------
1. Document permissions requirements
2. Test with appropriate IAM roles
3. Verify SNS topic prerequisites
4. Consider simpler example variation
